kotlin version: 2.1.0
error message: java.lang.NullPointerException
	at io.micronaut.kotlin.processing.visitor.KotlinClassElement$internalCanonicalName$2.invoke(KotlinClassElement.kt:181)
	at io.micronaut.kotlin.processing.visitor.KotlinClassElement$internalCanonicalName$2.invoke(KotlinClassElement.kt:180)
	at kotlin.SynchronizedLazyImpl.getValue(LazyJVM.kt:83)
	at io.micronaut.kotlin.processing.visitor.KotlinClassElement.getInternalCanonicalName(KotlinClassElement.kt:180)
	at io.micronaut.kotlin.processing.visitor.KotlinClassElement.getCanonicalName(KotlinClassElement.kt:332)
	at io.micronaut.data.processor.visitors.MappedEntityVisitor.lambda$computeMappingDefaults$3(MappedEntityVisitor.java:174)
	at io.micronaut.inject.ast.annotation.AbstractElementAnnotationMetadataFactory$MutableElementAnnotationMetadata.annotate(AbstractElementAnnotationMetadataFactory.java:536)
	at io.micronaut.inject.ast.annotation.AbstractElementAnnotationMetadataFactory$MutableElementAnnotationMetadata.annotate(AbstractElementAnnotationMetadataFactory.java:512)
	at io.micronaut.inject.ast.annotation.MutableAnnotationMetadataDelegate.annotate(MutableAnnotationMetadataDelegate.java:143)
	at io.micronaut.inject.ast.annotation.AbstractAnnotationElement.annotate(AbstractAnnotationElement.java:126)
	at io.micronaut.inject.ast.annotation.AbstractAnnotationElement.annotate(AbstractAnnotationElement.java:34)
	at io.micronaut.inject.ast.annotation.PropertyElementAnnotationMetadata.annotate(PropertyElementAnnotationMetadata.java:175)
	at io.micronaut.inject.ast.annotation.PropertyElementAnnotationMetadata.annotate(PropertyElementAnnotationMetadata.java:43)
	at io.micronaut.inject.ast.annotation.AbstractAnnotationElement.annotate(AbstractAnnotationElement.java:126)
	at io.micronaut.data.processor.visitors.MappedEntityVisitor.computeMappingDefaults(MappedEntityVisitor.java:173)
	at io.micronaut.data.processor.visitors.MappedEntityVisitor.visitClass(MappedEntityVisitor.java:123)
	at io.micronaut.kotlin.processing.visitor.TypeElementSymbolProcessor$ElementVisitor.visitClass(TypeElementSymbolProcessor.kt:290)
	at io.micronaut.kotlin.processing.visitor.TypeElementSymbolProcessor$ElementVisitor.visitClassDeclaration(TypeElementSymbolProcessor.kt:266)
	at com.google.devtools.ksp.symbol.impl.kotlin.KSClassDeclarationImpl.accept(KSClassDeclarationImpl.kt:133)
	at io.micronaut.kotlin.processing.visitor.TypeElementSymbolProcessor.process(TypeElementSymbolProcessor.kt:132)
	at com.google.devtools.ksp.AbstractKotlinSymbolProcessingExtension$doAnalysis$8$1.invoke(KotlinSymbolProcessingExtension.kt:320)
	at com.google.devtools.ksp.AbstractKotlinSymbolProcessingExtension$doAnalysis$8$1.invoke(KotlinSymbolProcessingExtension.kt:318)
	at com.google.devtools.ksp.AbstractKotlinSymbolProcessingExtension.handleException(KotlinSymbolProcessingExtension.kt:430)
	at com.google.devtools.ksp.AbstractKotlinSymbolProcessingExtension.doAnalysis(KotlinSymbolProcessingExtension.kt:318)
	at org.jetbrains.kotlin.cli.jvm.compiler.TopDownAnalyzerFacadeForJVM.analyzeFilesWithJavaIntegration(TopDownAnalyzerFacadeForJVM.kt:112)
	at org.jetbrains.kotlin.cli.jvm.compiler.TopDownAnalyzerFacadeForJVM.analyzeFilesWithJavaIntegration$default(TopDownAnalyzerFacadeForJVM.kt:75)
	at org.jetbrains.kotlin.cli.jvm.compiler.KotlinToJVMBytecodeCompiler.analyze$lambda$9(KotlinToJVMBytecodeCompiler.kt:356)
	at org.jetbrains.kotlin.cli.common.messages.AnalyzerWithCompilerReport.analyzeAndReport(AnalyzerWithCompilerReport.kt:112)
	at org.jetbrains.kotlin.cli.jvm.compiler.KotlinToJVMBytecodeCompiler.analyze(KotlinToJVMBytecodeCompiler.kt:347)
	at org.jetbrains.kotlin.cli.jvm.compiler.KotlinToJVMBytecodeCompiler.runFrontendAndGenerateIrUsingClassicFrontend(KotlinToJVMBytecodeCompiler.kt:177)
	at org.jetbrains.kotlin.cli.jvm.compiler.KotlinToJVMBytecodeCompiler.compileModules$cli(KotlinToJVMBytecodeCompiler.kt:102)
	at org.jetbrains.kotlin.cli.jvm.K2JVMCompiler.doExecute(K2JVMCompiler.kt:169)
	at org.jetbrains.kotlin.cli.jvm.K2JVMCompiler.doExecute(K2JVMCompiler.kt:43)
	at org.jetbrains.kotlin.cli.common.CLICompiler.execImpl(CLICompiler.kt:102)
	at org.jetbrains.kotlin.cli.common.CLICompiler.exec(CLICompiler.kt:316)
	at org.jetbrains.kotlin.daemon.CompileServiceImpl.compile(CompileServiceImpl.kt:1554)
	at java.base/jdk.internal.reflect.DirectMethodHandleAccessor.invoke(DirectMethodHandleAccessor.java:103)
	at java.base/java.lang.reflect.Method.invoke(Method.java:580)
	at java.rmi/sun.rmi.server.UnicastServerRef.dispatch(UnicastServerRef.java:360)
	at java.rmi/sun.rmi.transport.Transport$1.run(Transport.java:200)
	at java.rmi/sun.rmi.transport.Transport$1.run(Transport.java:197)
	at java.base/java.security.AccessController.doPrivileged(AccessController.java:714)
	at java.rmi/sun.rmi.transport.Transport.serviceCall(Transport.java:196)
	at java.rmi/sun.rmi.transport.tcp.TCPTransport.handleMessages(TCPTransport.java:598)
	at java.rmi/sun.rmi.transport.tcp.TCPTransport$ConnectionHandler.run0(TCPTransport.java:844)
	at java.rmi/sun.rmi.transport.tcp.TCPTransport$ConnectionHandler.lambda$run$0(TCPTransport.java:721)
	at java.base/java.security.AccessController.doPrivileged(AccessController.java:400)
	at java.rmi/sun.rmi.transport.tcp.TCPTransport$ConnectionHandler.run(TCPTransport.java:720)
	at java.base/java.util.concurrent.ThreadPoolExecutor.runWorker(ThreadPoolExecutor.java:1144)
	at java.base/java.util.concurrent.ThreadPoolExecutor$Worker.run(ThreadPoolExecutor.java:642)
	at java.base/java.lang.Thread.run(Thread.java:1583)


error message: java.lang.NullPointerException
	at io.micronaut.kotlin.processing.visitor.KotlinClassElement$internalCanonicalName$2.invoke(KotlinClassElement.kt:181)
	at io.micronaut.kotlin.processing.visitor.KotlinClassElement$internalCanonicalName$2.invoke(KotlinClassElement.kt:180)
	at kotlin.SynchronizedLazyImpl.getValue(LazyJVM.kt:83)
	at io.micronaut.kotlin.processing.visitor.KotlinClassElement.getInternalCanonicalName(KotlinClassElement.kt:180)
	at io.micronaut.kotlin.processing.visitor.KotlinClassElement.getCanonicalName(KotlinClassElement.kt:332)
	at io.micronaut.data.processor.visitors.MappedEntityVisitor.lambda$computeMappingDefaults$3(MappedEntityVisitor.java:174)
	at io.micronaut.inject.ast.annotation.AbstractElementAnnotationMetadataFactory$MutableElementAnnotationMetadata.annotate(AbstractElementAnnotationMetadataFactory.java:536)
	at io.micronaut.inject.ast.annotation.AbstractElementAnnotationMetadataFactory$MutableElementAnnotationMetadata.annotate(AbstractElementAnnotationMetadataFactory.java:512)
	at io.micronaut.inject.ast.annotation.MutableAnnotationMetadataDelegate.annotate(MutableAnnotationMetadataDelegate.java:143)
	at io.micronaut.inject.ast.annotation.AbstractAnnotationElement.annotate(AbstractAnnotationElement.java:126)
	at io.micronaut.inject.ast.annotation.AbstractAnnotationElement.annotate(AbstractAnnotationElement.java:34)
	at io.micronaut.inject.ast.annotation.PropertyElementAnnotationMetadata.annotate(PropertyElementAnnotationMetadata.java:175)
	at io.micronaut.inject.ast.annotation.PropertyElementAnnotationMetadata.annotate(PropertyElementAnnotationMetadata.java:43)
	at io.micronaut.inject.ast.annotation.AbstractAnnotationElement.annotate(AbstractAnnotationElement.java:126)
	at io.micronaut.data.processor.visitors.MappedEntityVisitor.computeMappingDefaults(MappedEntityVisitor.java:173)
	at io.micronaut.data.processor.visitors.MappedEntityVisitor.visitClass(MappedEntityVisitor.java:123)
	at io.micronaut.data.processor.visitors.RepositoryTypeElementVisitor$1.lambda$apply$0(RepositoryTypeElementVisitor.java:234)
	at java.base/java.util.HashMap.computeIfAbsent(HashMap.java:1228)
	at io.micronaut.data.processor.visitors.RepositoryTypeElementVisitor$1.apply(RepositoryTypeElementVisitor.java:230)
	at io.micronaut.data.processor.visitors.RepositoryTypeElementVisitor$1.apply(RepositoryTypeElementVisitor.java:222)
	at io.micronaut.data.processor.visitors.RepositoryTypeElementVisitor.resolveEntityForCurrentClass(RepositoryTypeElementVisitor.java:880)
	at io.micronaut.data.processor.visitors.RepositoryTypeElementVisitor.annotateEntityRepresentationIfPresent(RepositoryTypeElementVisitor.java:892)
	at io.micronaut.data.processor.visitors.RepositoryTypeElementVisitor.visitClass(RepositoryTypeElementVisitor.java:278)
	at io.micronaut.kotlin.processing.visitor.TypeElementSymbolProcessor$ElementVisitor.visitClass(TypeElementSymbolProcessor.kt:290)
	at io.micronaut.kotlin.processing.visitor.TypeElementSymbolProcessor$ElementVisitor.visitClassDeclaration(TypeElementSymbolProcessor.kt:266)
	at com.google.devtools.ksp.symbol.impl.kotlin.KSClassDeclarationImpl.accept(KSClassDeclarationImpl.kt:133)
	at io.micronaut.kotlin.processing.visitor.TypeElementSymbolProcessor.process(TypeElementSymbolProcessor.kt:132)
	at com.google.devtools.ksp.AbstractKotlinSymbolProcessingExtension$doAnalysis$8$1.invoke(KotlinSymbolProcessingExtension.kt:320)
	at com.google.devtools.ksp.AbstractKotlinSymbolProcessingExtension$doAnalysis$8$1.invoke(KotlinSymbolProcessingExtension.kt:318)
	at com.google.devtools.ksp.AbstractKotlinSymbolProcessingExtension.handleException(KotlinSymbolProcessingExtension.kt:430)
	at com.google.devtools.ksp.AbstractKotlinSymbolProcessingExtension.doAnalysis(KotlinSymbolProcessingExtension.kt:318)
	at org.jetbrains.kotlin.cli.jvm.compiler.TopDownAnalyzerFacadeForJVM.analyzeFilesWithJavaIntegration(TopDownAnalyzerFacadeForJVM.kt:112)
	at org.jetbrains.kotlin.cli.jvm.compiler.TopDownAnalyzerFacadeForJVM.analyzeFilesWithJavaIntegration$default(TopDownAnalyzerFacadeForJVM.kt:75)
	at org.jetbrains.kotlin.cli.jvm.compiler.KotlinToJVMBytecodeCompiler.analyze$lambda$9(KotlinToJVMBytecodeCompiler.kt:356)
	at org.jetbrains.kotlin.cli.common.messages.AnalyzerWithCompilerReport.analyzeAndReport(AnalyzerWithCompilerReport.kt:112)
	at org.jetbrains.kotlin.cli.jvm.compiler.KotlinToJVMBytecodeCompiler.analyze(KotlinToJVMBytecodeCompiler.kt:347)
	at org.jetbrains.kotlin.cli.jvm.compiler.KotlinToJVMBytecodeCompiler.runFrontendAndGenerateIrUsingClassicFrontend(KotlinToJVMBytecodeCompiler.kt:177)
	at org.jetbrains.kotlin.cli.jvm.compiler.KotlinToJVMBytecodeCompiler.compileModules$cli(KotlinToJVMBytecodeCompiler.kt:102)
	at org.jetbrains.kotlin.cli.jvm.K2JVMCompiler.doExecute(K2JVMCompiler.kt:169)
	at org.jetbrains.kotlin.cli.jvm.K2JVMCompiler.doExecute(K2JVMCompiler.kt:43)
	at org.jetbrains.kotlin.cli.common.CLICompiler.execImpl(CLICompiler.kt:102)
	at org.jetbrains.kotlin.cli.common.CLICompiler.exec(CLICompiler.kt:316)
	at org.jetbrains.kotlin.daemon.CompileServiceImpl.compile(CompileServiceImpl.kt:1554)
	at java.base/jdk.internal.reflect.DirectMethodHandleAccessor.invoke(DirectMethodHandleAccessor.java:103)
	at java.base/java.lang.reflect.Method.invoke(Method.java:580)
	at java.rmi/sun.rmi.server.UnicastServerRef.dispatch(UnicastServerRef.java:360)
	at java.rmi/sun.rmi.transport.Transport$1.run(Transport.java:200)
	at java.rmi/sun.rmi.transport.Transport$1.run(Transport.java:197)
	at java.base/java.security.AccessController.doPrivileged(AccessController.java:714)
	at java.rmi/sun.rmi.transport.Transport.serviceCall(Transport.java:196)
	at java.rmi/sun.rmi.transport.tcp.TCPTransport.handleMessages(TCPTransport.java:598)
	at java.rmi/sun.rmi.transport.tcp.TCPTransport$ConnectionHandler.run0(TCPTransport.java:844)
	at java.rmi/sun.rmi.transport.tcp.TCPTransport$ConnectionHandler.lambda$run$0(TCPTransport.java:721)
	at java.base/java.security.AccessController.doPrivileged(AccessController.java:400)
	at java.rmi/sun.rmi.transport.tcp.TCPTransport$ConnectionHandler.run(TCPTransport.java:720)
	at java.base/java.util.concurrent.ThreadPoolExecutor.runWorker(ThreadPoolExecutor.java:1144)
	at java.base/java.util.concurrent.ThreadPoolExecutor$Worker.run(ThreadPoolExecutor.java:642)
	at java.base/java.lang.Thread.run(Thread.java:1583)


error message: java.lang.NullPointerException
	at io.micronaut.kotlin.processing.visitor.KotlinClassElement$internalCanonicalName$2.invoke(KotlinClassElement.kt:181)
	at io.micronaut.kotlin.processing.visitor.KotlinClassElement$internalCanonicalName$2.invoke(KotlinClassElement.kt:180)
	at kotlin.SynchronizedLazyImpl.getValue(LazyJVM.kt:83)
	at io.micronaut.kotlin.processing.visitor.KotlinClassElement.getInternalCanonicalName(KotlinClassElement.kt:180)
	at io.micronaut.kotlin.processing.visitor.KotlinClassElement.getCanonicalName(KotlinClassElement.kt:332)
	at io.micronaut.data.processor.visitors.MappedEntityVisitor.lambda$computeMappingDefaults$3(MappedEntityVisitor.java:174)
	at io.micronaut.inject.ast.annotation.AbstractElementAnnotationMetadataFactory$MutableElementAnnotationMetadata.annotate(AbstractElementAnnotationMetadataFactory.java:536)
	at io.micronaut.inject.ast.annotation.AbstractElementAnnotationMetadataFactory$MutableElementAnnotationMetadata.annotate(AbstractElementAnnotationMetadataFactory.java:512)
	at io.micronaut.inject.ast.annotation.MutableAnnotationMetadataDelegate.annotate(MutableAnnotationMetadataDelegate.java:143)
	at io.micronaut.inject.ast.annotation.AbstractAnnotationElement.annotate(AbstractAnnotationElement.java:126)
	at io.micronaut.inject.ast.annotation.AbstractAnnotationElement.annotate(AbstractAnnotationElement.java:34)
	at io.micronaut.inject.ast.annotation.PropertyElementAnnotationMetadata.annotate(PropertyElementAnnotationMetadata.java:175)
	at io.micronaut.inject.ast.annotation.PropertyElementAnnotationMetadata.annotate(PropertyElementAnnotationMetadata.java:43)
	at io.micronaut.inject.ast.annotation.AbstractAnnotationElement.annotate(AbstractAnnotationElement.java:126)
	at io.micronaut.data.processor.visitors.MappedEntityVisitor.computeMappingDefaults(MappedEntityVisitor.java:173)
	at io.micronaut.data.processor.visitors.MappedEntityVisitor.visitClass(MappedEntityVisitor.java:123)
	at io.micronaut.data.processor.visitors.RepositoryTypeElementVisitor$1.lambda$apply$0(RepositoryTypeElementVisitor.java:234)
	at java.base/java.util.HashMap.computeIfAbsent(HashMap.java:1228)
	at io.micronaut.data.processor.visitors.RepositoryTypeElementVisitor$1.apply(RepositoryTypeElementVisitor.java:230)
	at io.micronaut.data.processor.visitors.RepositoryTypeElementVisitor$1.apply(RepositoryTypeElementVisitor.java:222)
	at io.micronaut.data.processor.visitors.RepositoryTypeElementVisitor.resolveEntityForCurrentClass(RepositoryTypeElementVisitor.java:880)
	at io.micronaut.data.processor.visitors.RepositoryTypeElementVisitor.annotateEntityRepresentationIfPresent(RepositoryTypeElementVisitor.java:892)
	at io.micronaut.data.processor.visitors.RepositoryTypeElementVisitor.visitClass(RepositoryTypeElementVisitor.java:278)
	at io.micronaut.kotlin.processing.visitor.TypeElementSymbolProcessor$ElementVisitor.visitClass(TypeElementSymbolProcessor.kt:290)
	at io.micronaut.kotlin.processing.visitor.TypeElementSymbolProcessor$ElementVisitor.visitClassDeclaration(TypeElementSymbolProcessor.kt:266)
	at com.google.devtools.ksp.symbol.impl.kotlin.KSClassDeclarationImpl.accept(KSClassDeclarationImpl.kt:133)
	at io.micronaut.kotlin.processing.visitor.TypeElementSymbolProcessor.process(TypeElementSymbolProcessor.kt:132)
	at com.google.devtools.ksp.AbstractKotlinSymbolProcessingExtension$doAnalysis$8$1.invoke(KotlinSymbolProcessingExtension.kt:320)
	at com.google.devtools.ksp.AbstractKotlinSymbolProcessingExtension$doAnalysis$8$1.invoke(KotlinSymbolProcessingExtension.kt:318)
	at com.google.devtools.ksp.AbstractKotlinSymbolProcessingExtension.handleException(KotlinSymbolProcessingExtension.kt:430)
	at com.google.devtools.ksp.AbstractKotlinSymbolProcessingExtension.doAnalysis(KotlinSymbolProcessingExtension.kt:318)
	at org.jetbrains.kotlin.cli.jvm.compiler.TopDownAnalyzerFacadeForJVM.analyzeFilesWithJavaIntegration(TopDownAnalyzerFacadeForJVM.kt:112)
	at org.jetbrains.kotlin.cli.jvm.compiler.TopDownAnalyzerFacadeForJVM.analyzeFilesWithJavaIntegration$default(TopDownAnalyzerFacadeForJVM.kt:75)
	at org.jetbrains.kotlin.cli.jvm.compiler.KotlinToJVMBytecodeCompiler.analyze$lambda$9(KotlinToJVMBytecodeCompiler.kt:356)
	at org.jetbrains.kotlin.cli.common.messages.AnalyzerWithCompilerReport.analyzeAndReport(AnalyzerWithCompilerReport.kt:112)
	at org.jetbrains.kotlin.cli.jvm.compiler.KotlinToJVMBytecodeCompiler.analyze(KotlinToJVMBytecodeCompiler.kt:347)
	at org.jetbrains.kotlin.cli.jvm.compiler.KotlinToJVMBytecodeCompiler.runFrontendAndGenerateIrUsingClassicFrontend(KotlinToJVMBytecodeCompiler.kt:177)
	at org.jetbrains.kotlin.cli.jvm.compiler.KotlinToJVMBytecodeCompiler.compileModules$cli(KotlinToJVMBytecodeCompiler.kt:102)
	at org.jetbrains.kotlin.cli.jvm.K2JVMCompiler.doExecute(K2JVMCompiler.kt:169)
	at org.jetbrains.kotlin.cli.jvm.K2JVMCompiler.doExecute(K2JVMCompiler.kt:43)
	at org.jetbrains.kotlin.cli.common.CLICompiler.execImpl(CLICompiler.kt:102)
	at org.jetbrains.kotlin.cli.common.CLICompiler.exec(CLICompiler.kt:316)
	at org.jetbrains.kotlin.daemon.CompileServiceImpl.compile(CompileServiceImpl.kt:1554)
	at java.base/jdk.internal.reflect.DirectMethodHandleAccessor.invoke(DirectMethodHandleAccessor.java:103)
	at java.base/java.lang.reflect.Method.invoke(Method.java:580)
	at java.rmi/sun.rmi.server.UnicastServerRef.dispatch(UnicastServerRef.java:360)
	at java.rmi/sun.rmi.transport.Transport$1.run(Transport.java:200)
	at java.rmi/sun.rmi.transport.Transport$1.run(Transport.java:197)
	at java.base/java.security.AccessController.doPrivileged(AccessController.java:714)
	at java.rmi/sun.rmi.transport.Transport.serviceCall(Transport.java:196)
	at java.rmi/sun.rmi.transport.tcp.TCPTransport.handleMessages(TCPTransport.java:598)
	at java.rmi/sun.rmi.transport.tcp.TCPTransport$ConnectionHandler.run0(TCPTransport.java:844)
	at java.rmi/sun.rmi.transport.tcp.TCPTransport$ConnectionHandler.lambda$run$0(TCPTransport.java:721)
	at java.base/java.security.AccessController.doPrivileged(AccessController.java:400)
	at java.rmi/sun.rmi.transport.tcp.TCPTransport$ConnectionHandler.run(TCPTransport.java:720)
	at java.base/java.util.concurrent.ThreadPoolExecutor.runWorker(ThreadPoolExecutor.java:1144)
	at java.base/java.util.concurrent.ThreadPoolExecutor$Worker.run(ThreadPoolExecutor.java:642)
	at java.base/java.lang.Thread.run(Thread.java:1583)


